-----method autocomplete w/ import for class------

>>>sublimejava.on_query_completions: prefix::
>>>on_query_completions: prefix::
    >>>sublimejava.is_supported_language
    >>>get_setting: sublimejava_enabled
    >>>get_language: java
    (49, 21, u'CommandLine', u'cmd', u'.')
    >>>patch_up_template: package com.pearson.ed.ltg.ruby;

    import java.io.IOException;
    import java.net.ServerSocket;
    import java.util.Enumeration;
    import java.util.HashMap;
    import java.util.Map;
    import java.util.logging.Level;
    import java.util.logging.Logger;
    import javax.servlet.ServletConfig;
    import javax.servlet.ServletContext;
    import javax.servlet.ServletException;
    import org.apache.commons.exec.CommandLine;
    import org.apache.commons.exec.DefaultExecuteResultHandler;
    import org.apache.commons.exec.DefaultExecutor;
    import org.apache.commons.exec.ExecuteException;
    import org.apache.commons.exec.Executor;
    import org.apache.commons.exec.OS;
    import org.apache.commons.exec.ProcessDestroyer;
    import org.apache.commons.exec.ShutdownHookProcessDestroyer;
    import org.mortbay.proxy.AsyncProxyServlet;

    /**
     * Creates and proxies a local rubygems server instance (started via "gem server --Port #" command).
     *
     * @author ULLOYNI
     */
    public class RubyGemServerServlet extends AsyncProxyServlet.Transparent {

        private static final Logger LOGGER = Logge.getLogger(RubyGemServerServlet.class.getName());

        private static final String GEM_SERVER_URL = "http://localhost:";

        @Override
        public void init(ServletConfig config) throws ServletException {
            int availablePort = getUnusedPort();
            String proxyUrl = GEM_SERVER_URL + availablePort;

            ServletConfigWrapper wrappedConfig = new ServletConfigWrapper(config);
            wrappedConfig.setInitParameter("ProxyTo", proxyUrl);
            wrappedConfig.setInitParameter("Prefix", config.etServletContext().getContextPath());

            super.init(wrappedConfig);

            DefaultExecuteResultHandler execHandler = new DefaultExecuteResultHandler();
            Executor exec = new DefaultExecutor();
            exec.setProcessDestroyer(new ShutdownHookProcessDestroyer());

            CommandLine cmd = new CommandLine(OS.isFamilyWindows() ? "gem.bat" : "gem");
            cmd.addArgument("server").addArgument("--Port").addArgument(Integer.valueOf(availablePort).toString());
            cmd.
    >>>find_absolute_of_type: CommandLine
        >>>get_language: java
        >>>sublimejava.get_packages: thispackage=com.pearson.ed.ltg.ruby, type=CommandLine
        >>>run_completion w cmd: -findclass;;--;;CommandLine
            >>>sublimejava.get_cmd
                >>>get_setting: sublimejava_classpath
            sent to proc: -findclass;;--;;CommandLine
            org.apache.commons.exec.*
            org.apache.commons.exec
            java.io.IOException
            java.net.ServerSocket
            java.util.Enumeration
            java.util.HashMap
            java.util.Map
            java.util.logging.Level
            java.util.logging.Logger
            javax.servlet.ServletConfig
            javax.servlet.ServletContext
            javax.servlet.ServletException
            org.apache.commons.exec.CommandLine
            org.apache.commons.exec.DefaultExecuteResultHandler
            org.apache.commons.exec.DefaultExecutor
            org.apache.commons.exec.ExecuteException
            org.apache.commons.exec.Executor
            org.apache.commons.exec.OS
            org.apache.commons.exec.ProcessDestroyer
            org.apache.commons.exec.ShutdownHookProcessDestroyer
            org.mortbay.proxy.AsyncProxyServlet
            java.lang.*

            com.pearson.ed.ltg.ruby.*
            ;;--;;

        absolute is org.apache.commons.exec.CommandLine (230.000019 ms)
        finding what to complete took 0.000000 ms
        completing org.apache.commons.exec.CommandLine.
        >>>complete_class: org.apache.commons.exec.CommandLine, prefix: 
            >>>run_completion w cmd: -complete;;--;;org.apache.commons.exec.CommandLine;;--;;
                >>>sublimejava.get_cmd
                >>>get_setting: sublimejava_classpath
                sent to proc: -complete;;--;;org.apache.commons.exec.CommandLine;;--;;

        >>>filter: typename=org.apache.commons.exec.CommandLine, var=cmd, isstatic=False
            >>>get_language: java
        completion took 63.999891 ms
        total 312.000036 ms
        >>>get_setting: completioncommon_shorten_names
        >>>sublimejava.return_completions:
            >>>common.return_completions:
                >>>get_setting: completioncommon_inhibit_sublime_completions